d:\nathaniel feng\myproject\lumi\lumi\x64\debug\vc142.pdb
d:\nathaniel feng\myproject\lumi\lumi\x64\debug\vc142.idb
d:\nathaniel feng\myproject\lumi\lumi\x64\debug\glad.obj
d:\nathaniel feng\myproject\lumi\lumi\x64\debug\mesh.obj
d:\nathaniel feng\myproject\lumi\lumi\x64\debug\model.obj
d:\nathaniel feng\myproject\lumi\lumi\x64\debug\skybox.obj
d:\nathaniel feng\myproject\lumi\lumi\x64\debug\shader.obj
d:\nathaniel feng\myproject\lumi\lumi\x64\debug\main.obj
d:\nathaniel feng\myproject\lumi\x64\debug\lumi.pdb
d:\nathaniel feng\myproject\lumi\lumi\x64\debug\lumi.tlog\cl.command.1.tlog
d:\nathaniel feng\myproject\lumi\lumi\x64\debug\lumi.tlog\cl.read.1.tlog
d:\nathaniel feng\myproject\lumi\lumi\x64\debug\lumi.tlog\cl.write.1.tlog
d:\nathaniel feng\myproject\lumi\lumi\x64\debug\lumi.tlog\link.3748-cvtres.read.1.tlog
d:\nathaniel feng\myproject\lumi\lumi\x64\debug\lumi.tlog\link.3748-cvtres.write.1.tlog
d:\nathaniel feng\myproject\lumi\lumi\x64\debug\lumi.tlog\link.3748-rc.read.1.tlog
d:\nathaniel feng\myproject\lumi\lumi\x64\debug\lumi.tlog\link.3748-rc.write.1.tlog
d:\nathaniel feng\myproject\lumi\lumi\x64\debug\lumi.tlog\link.3748.read.1.tlog
d:\nathaniel feng\myproject\lumi\lumi\x64\debug\lumi.tlog\link.3748.write.1.tlog
d:\nathaniel feng\myproject\lumi\lumi\x64\debug\lumi.tlog\link.command.1.tlog
d:\nathaniel feng\myproject\lumi\lumi\x64\debug\lumi.tlog\link.read.1.tlog
d:\nathaniel feng\myproject\lumi\lumi\x64\debug\lumi.tlog\link.write.1.tlog
